<?xml version="1.0" encoding="UTF-8"?>
<!-- Generated by org.testng.reporters.JUnitXMLReporter -->
<testsuite ignored="2" hostname="DESKTOP-5874SPL" failures="0" tests="1" name="Test" time="3.785" errors="0" timestamp="2023-04-04T07:22:19 IST">
  <testcase classname="com.obsquara.testscripts.SimpleInputFormDemoTest" name="verifySingleInputField" time="0.604"/>
  <testcase classname="com.obsquara.testscripts.SimpleInputFormDemoTest" name="verifyTwoInputField" time="0.0">
    <ignored/>
  </testcase> <!-- verifyTwoInputField -->
  <testcase classname="com.obsquara.testscripts.SimpleInputFormDemoTest" name="verifyFontColorofShowMessageButton" time="0.0">
    <ignored/>
  </testcase> <!-- verifyFontColorofShowMessageButton -->
</testsuite> <!-- Test -->
