<?xml version="1.0" encoding="UTF-8"?>
<testng-results ignored="2" total="3" passed="1" failed="0" skipped="0">
  <reporter-output>
  </reporter-output>
  <suite started-at="2023-04-04T07:22:15 IST" name="Suite" finished-at="2023-04-04T07:22:19 IST" duration-ms="3785">
    <groups>
    </groups>
    <test started-at="2023-04-04T07:22:15 IST" name="Test" finished-at="2023-04-04T07:22:19 IST" duration-ms="3785">
      <class name="com.obsquara.testscripts.SimpleInputFormDemoTest">
        <test-method is-config="true" signature="intialisebrowser()[pri:0, instance:com.obsquara.testscripts.SimpleInputFormDemoTest@2b91004a]" started-at="2023-04-04T07:22:15 IST" name="intialisebrowser" finished-at="2023-04-04T07:22:18 IST" duration-ms="3043" status="PASS">
          <reporter-output>
          </reporter-output>
        </test-method> <!-- intialisebrowser -->
        <test-method signature="verifySingleInputField()[pri:0, instance:com.obsquara.testscripts.SimpleInputFormDemoTest@2b91004a]" started-at="2023-04-04T07:22:18 IST" name="verifySingleInputField" finished-at="2023-04-04T07:22:19 IST" duration-ms="604" status="PASS">
          <reporter-output>
          </reporter-output>
        </test-method> <!-- verifySingleInputField -->
        <test-method is-config="true" signature="browserQuit()[pri:0, instance:com.obsquara.testscripts.SimpleInputFormDemoTest@2b91004a]" started-at="2023-04-04T07:22:19 IST" name="browserQuit" finished-at="2023-04-04T07:22:19 IST" duration-ms="110" status="PASS">
          <reporter-output>
          </reporter-output>
        </test-method> <!-- browserQuit -->
      </class> <!-- com.obsquara.testscripts.SimpleInputFormDemoTest -->
    </test> <!-- Test -->
  </suite> <!-- Suite -->
</testng-results>
