<?xml version="1.0" encoding="UTF-8"?>
<testng-results ignored="0" total="1" passed="1" failed="0" skipped="0">
  <reporter-output>
  </reporter-output>
  <suite started-at="2023-03-15T00:43:35 IST" name="Default suite" finished-at="2023-03-15T00:44:16 IST" duration-ms="40952">
    <groups>
    </groups>
    <test started-at="2023-03-15T00:43:35 IST" name="Default test" finished-at="2023-03-15T00:44:16 IST" duration-ms="40952">
      <class name="com.obsquara.testscripts.RadioButtonDemoTest">
        <test-method is-config="true" signature="intialisebrowser()[pri:0, instance:com.obsquara.testscripts.RadioButtonDemoTest@6da21078]" started-at="2023-03-15T00:43:35 IST" name="intialisebrowser" finished-at="2023-03-15T00:43:39 IST" duration-ms="3328" status="PASS">
          <reporter-output>
          </reporter-output>
        </test-method> <!-- intialisebrowser -->
        <test-method signature="verifyFemaleRadioButton()[pri:0, instance:com.obsquara.testscripts.RadioButtonDemoTest@6da21078]" started-at="2023-03-15T00:43:39 IST" name="verifyFemaleRadioButton" finished-at="2023-03-15T00:44:16 IST" duration-ms="37469" status="PASS">
          <reporter-output>
          </reporter-output>
        </test-method> <!-- verifyFemaleRadioButton -->
        <test-method is-config="true" signature="browserQuit()[pri:0, instance:com.obsquara.testscripts.RadioButtonDemoTest@6da21078]" started-at="2023-03-15T00:44:16 IST" name="browserQuit" finished-at="2023-03-15T00:44:16 IST" duration-ms="125" status="PASS">
          <reporter-output>
          </reporter-output>
        </test-method> <!-- browserQuit -->
      </class> <!-- com.obsquara.testscripts.RadioButtonDemoTest -->
    </test> <!-- Default test -->
  </suite> <!-- Default suite -->
</testng-results>
